<?xml version="1.0" encoding="UTF-8"?>
<!-- Generated by org.testng.reporters.JUnitReportReporter -->
<testsuite hostname="DESKTOP-1UIQG5E" failures="0" tests="1" name="QA.AppiumFrameworkDesign.eCommerce_tc_Hybrid" time="30.110" errors="0" timestamp="2022-12-21T19:36:32 IST" skipped="0">
  <testcase classname="QA.AppiumFrameworkDesign.eCommerce_tc_Hybrid" name="fillForm" time="30.110"/>
  <system-out/>
</testsuite> <!-- QA.AppiumFrameworkDesign.eCommerce_tc_Hybrid -->
